<?xml version="1.0" encoding="UTF-8"?>
<!-- Generated by org.testng.reporters.JUnitXMLReporter -->
<testsuite ignored="0" hostname="DESKTOP-3EH7T8U" failures="0" tests="3" name="Automation Test Postman Echo" time="6.915" errors="0" timestamp="2024-03-31T20:34:27 IST">
  <testcase classname="User_Management.getPostmanEcho" name="validateResponseBodyGetBasicAuth" time="2.276"/>
  <testcase classname="User_Management.getPostmanEcho" name="validateResponseBodyGetDigestAuth" time="1.953"/>
  <testcase classname="User_Management.getPostmanEcho" name="validateWithTestDataFromJson" time="2.679"/>
</testsuite> <!-- Automation Test Postman Echo -->
