<?xml version="1.0" encoding="UTF-8"?>
<!-- Generated by org.testng.reporters.JUnitXMLReporter -->
<testsuite ignored="0" hostname="DESKTOP-3EH7T8U" failures="0" tests="6" name="Default test" time="4.14" errors="0" timestamp="2024-05-05T11:44:27 IST">
  <testcase classname="User_Management.postUsers" name="validatePatchWithJsonFile" time="1.698"/>
  <testcase classname="User_Management.postUsers" name="validatePatchWithString" time="0.377"/>
  <testcase classname="User_Management.postUsers" name="validatePostWithJsonFile" time="0.493"/>
  <testcase classname="User_Management.postUsers" name="validatePostWithString" time="0.407"/>
  <testcase classname="User_Management.postUsers" name="validatePutWithJsonFile" time="0.621"/>
  <testcase classname="User_Management.postUsers" name="validatePutWithString" time="0.506"/>
</testsuite> <!-- Default test -->
