<?xml version="1.0" encoding="UTF-8"?>
<testng-results ignored="0" total="6" passed="6" failed="0" skipped="0">
  <reporter-output>
  </reporter-output>
  <suite started-at="2024-05-05T11:44:23 IST" name="Default suite" finished-at="2024-05-05T11:44:27 IST" duration-ms="4140">
    <groups>
    </groups>
    <test started-at="2024-05-05T11:44:23 IST" name="Default test" finished-at="2024-05-05T11:44:27 IST" duration-ms="4140">
      <class name="User_Management.postUsers">
        <test-method signature="validatePatchWithJsonFile()[pri:0, instance:User_Management.postUsers@cad498c]" started-at="2024-05-05T11:44:23 IST" name="validatePatchWithJsonFile" finished-at="2024-05-05T11:44:25 IST" duration-ms="1698" status="PASS">
          <reporter-output>
          </reporter-output>
        </test-method> <!-- validatePatchWithJsonFile -->
        <test-method signature="validatePatchWithString()[pri:0, instance:User_Management.postUsers@cad498c]" started-at="2024-05-05T11:44:25 IST" name="validatePatchWithString" finished-at="2024-05-05T11:44:25 IST" duration-ms="377" status="PASS">
          <reporter-output>
          </reporter-output>
        </test-method> <!-- validatePatchWithString -->
        <test-method signature="validatePostWithJsonFile()[pri:0, instance:User_Management.postUsers@cad498c]" started-at="2024-05-05T11:44:25 IST" name="validatePostWithJsonFile" finished-at="2024-05-05T11:44:26 IST" duration-ms="493" status="PASS">
          <reporter-output>
          </reporter-output>
        </test-method> <!-- validatePostWithJsonFile -->
        <test-method signature="validatePostWithString()[pri:0, instance:User_Management.postUsers@cad498c]" started-at="2024-05-05T11:44:26 IST" name="validatePostWithString" finished-at="2024-05-05T11:44:26 IST" duration-ms="407" status="PASS">
          <reporter-output>
          </reporter-output>
        </test-method> <!-- validatePostWithString -->
        <test-method signature="validatePutWithJsonFile()[pri:0, instance:User_Management.postUsers@cad498c]" started-at="2024-05-05T11:44:26 IST" name="validatePutWithJsonFile" finished-at="2024-05-05T11:44:27 IST" duration-ms="621" status="PASS">
          <reporter-output>
          </reporter-output>
        </test-method> <!-- validatePutWithJsonFile -->
        <test-method signature="validatePutWithString()[pri:0, instance:User_Management.postUsers@cad498c]" started-at="2024-05-05T11:44:27 IST" name="validatePutWithString" finished-at="2024-05-05T11:44:27 IST" duration-ms="506" status="PASS">
          <reporter-output>
          </reporter-output>
        </test-method> <!-- validatePutWithString -->
      </class> <!-- User_Management.postUsers -->
    </test> <!-- Default test -->
  </suite> <!-- Default suite -->
</testng-results>
