<?xml version="1.0" encoding="UTF-8"?>
<!-- Generated by org.testng.reporters.JUnitXMLReporter -->
<testsuite ignored="15" hostname="DESKTOP-3EH7T8U" failures="0" tests="2" name="API TestCases" time="2.447" errors="0" timestamp="2024-04-01T06:58:05 IST">
  <testcase classname="User_Management.getUsers" name="validateResponseBodyGetPathParam" time="1.735"/>
  <testcase classname="User_Management.getErgast" name="testUserCookies" time="0.675"/>
  <testcase classname="User_Management.getUsers" name="testFetchHeaders" time="0.0">
    <ignored/>
  </testcase> <!-- testFetchHeaders -->
  <testcase classname="User_Management.getErgast" name="validateWithDataFromPropertiesFile_TestData" time="0.0">
    <ignored/>
  </testcase> <!-- validateWithDataFromPropertiesFile_TestData -->
  <testcase classname="User_Management.getUsers" name="testGetUserWithHeader" time="0.0">
    <ignored/>
  </testcase> <!-- testGetUserWithHeader -->
  <testcase classname="User_Management.getUsers" name="testCreateUserWithFormParam" time="0.0">
    <ignored/>
  </testcase> <!-- testCreateUserWithFormParam -->
  <testcase classname="User_Management.getUsers" name="testTwoHeadersWithMap" time="0.0">
    <ignored/>
  </testcase> <!-- testTwoHeadersWithMap -->
  <testcase classname="User_Management.getErgast" name="testFetchCookies" time="0.0">
    <ignored/>
  </testcase> <!-- testFetchCookies -->
  <testcase classname="User_Management.getErgast" name="testUseCookies" time="0.0">
    <ignored/>
  </testcase> <!-- testUseCookies -->
  <testcase classname="User_Management.getErgast" name="softAssertion" time="0.0">
    <ignored/>
  </testcase> <!-- softAssertion -->
  <testcase classname="User_Management.getUsers" name="getUserData" time="0.0">
    <ignored/>
  </testcase> <!-- getUserData -->
  <testcase classname="User_Management.getErgast" name="verifyStatusCodeDelete" time="0.0">
    <ignored/>
  </testcase> <!-- verifyStatusCodeDelete -->
  <testcase classname="User_Management.getUsers" name="validateResponseHasSize" time="0.0">
    <ignored/>
  </testcase> <!-- validateResponseHasSize -->
  <testcase classname="User_Management.getUsers" name="testWithTwoHeaders" time="0.0">
    <ignored/>
  </testcase> <!-- testWithTwoHeaders -->
  <testcase classname="User_Management.getErgast" name="testEndpoint" time="0.0">
    <ignored/>
  </testcase> <!-- testEndpoint -->
  <testcase classname="User_Management.getUsers" name="validateGetResponseBody" time="0.0">
    <ignored/>
  </testcase> <!-- validateGetResponseBody -->
  <testcase classname="User_Management.getErgast" name="validateWithDataFromPropertiesFile" time="0.0">
    <ignored/>
  </testcase> <!-- validateWithDataFromPropertiesFile -->
</testsuite> <!-- API TestCases -->
